"../../../Engine/Content/EditorResources/S_Actor.ubulk" 0
"../../../Engine/Content/EditorResources/S_Actor.uasset" 1
"../../../Engine/Content/EditorResources/S_Actor.uexp" 2
"../../../Engine/Content/EditorResources/S_BoxReflectionCapture.uasset" 3
"../../../Engine/Content/EditorResources/S_BoxReflectionCapture.uexp" 4
"../../../Engine/Content/EngineResources/DefaultTexture.ubulk" 5
"../../../Engine/Content/EngineResources/DefaultTexture.uasset" 6
"../../../Engine/Content/EngineResources/DefaultTexture.uexp" 7
"../../../Engine/Content/EngineResources/DefaultTextureCube.uasset" 8
"../../../Engine/Content/EngineResources/DefaultTextureCube.uexp" 9
"../../../Engine/Content/EngineResources/DefaultVolumeTexture2D.uasset" 10
"../../../Engine/Content/EngineResources/DefaultVolumeTexture2D.uexp" 11
"../../../Engine/Content/EngineResources/DefaultVolumeTexture.uasset" 12
"../../../Engine/Content/EngineResources/DefaultVolumeTexture.uexp" 13
"../../../Engine/Content/EditorResources/S_Trigger.ubulk" 14
"../../../Engine/Content/EditorResources/S_Trigger.uasset" 15
"../../../Engine/Content/EditorResources/S_Trigger.uexp" 16
"../../../Engine/Content/EditorResources/S_TriggerBox.uasset" 17
"../../../Engine/Content/EditorResources/S_TriggerBox.uexp" 18
"../../../Engine/Content/EditorResources/S_TriggerCapsule.uasset" 19
"../../../Engine/Content/EditorResources/S_TriggerCapsule.uexp" 20
"../../../Engine/Content/EditorResources/S_TriggerSphere.uasset" 21
"../../../Engine/Content/EditorResources/S_TriggerSphere.uexp" 22
"../../../Engine/Content/EngineMeshes/Sphere.ubulk" 23
"../../../Engine/Content/EngineMeshes/Sphere.uasset" 24
"../../../Engine/Content/EngineMeshes/Sphere.uexp" 25
"../../../Engine/Content/EngineResources/GradientTexture0.uasset" 26
"../../../Engine/Content/EngineResources/GradientTexture0.uexp" 27
"../../../Engine/Content/EngineResources/Black.uasset" 28
"../../../Engine/Content/EngineResources/Black.uexp" 29
"../../../Engine/Content/VREditor/LaserPointer/VR_LaserPower_01.ubulk" 30
"../../../Engine/Content/VREditor/LaserPointer/VR_LaserPower_01.uasset" 31
"../../../Engine/Content/VREditor/LaserPointer/VR_LaserPower_01.uexp" 32
"../../../Engine/Content/VREditor/TransformGizmo/TransformGizmoMaterial.uasset" 33
"../../../Engine/Content/VREditor/TransformGizmo/TransformGizmoMaterial.uexp" 34
"../../../Engine/Content/VREditor/TransformGizmo/TranslucentTransformGizmoMaterial.uasset" 35
"../../../Engine/Content/VREditor/TransformGizmo/TranslucentTransformGizmoMaterial.uexp" 36
"../../../Engine/Content/VREditor/TransformGizmo/BoundingBoxCorner.ubulk" 37
"../../../Engine/Content/VREditor/TransformGizmo/BoundingBoxCorner.uasset" 38
"../../../Engine/Content/VREditor/TransformGizmo/BoundingBoxCorner.uexp" 39
"../../../Engine/Content/VREditor/TransformGizmo/BoundingBoxEdge.ubulk" 40
"../../../Engine/Content/VREditor/TransformGizmo/BoundingBoxEdge.uasset" 41
"../../../Engine/Content/VREditor/TransformGizmo/BoundingBoxEdge.uexp" 42
"../../../Engine/Content/VREditor/TransformGizmo/Main.uasset" 43
"../../../Engine/Content/VREditor/TransformGizmo/Main.uexp" 44
"../../../Engine/Content/VREditor/TransformGizmo/Xray.uasset" 45
"../../../Engine/Content/VREditor/TransformGizmo/Xray.uexp" 46
"../../../Engine/Content/VREditor/TransformGizmo/SM_Sequencer_Node.ubulk" 47
"../../../Engine/Content/VREditor/TransformGizmo/SM_Sequencer_Node.uasset" 48
"../../../Engine/Content/VREditor/TransformGizmo/SM_Sequencer_Node.uexp" 49
"../../../Engine/Content/EditorResources/S_Solver.ubulk" 50
"../../../Engine/Content/EditorResources/S_Solver.uasset" 51
"../../../Engine/Content/EditorResources/S_Solver.uexp" 52
"../../../Engine/Content/EditorMaterials/Camera/CineMat.uasset" 53
"../../../Engine/Content/EditorMaterials/Camera/CineMat.uexp" 54
"../../../Engine/Content/EditorMaterials/Camera/MI_CineMat_Rig.uasset" 55
"../../../Engine/Content/EditorMaterials/Camera/MI_CineMat_Rig.uexp" 56
"../../../Engine/Content/EditorMeshes/Camera/SM_CraneRig_Base.ubulk" 57
"../../../Engine/Content/EditorMeshes/Camera/SM_CraneRig_Base.uasset" 58
"../../../Engine/Content/EditorMeshes/Camera/SM_CraneRig_Base.uexp" 59
"../../../Engine/Content/EditorMeshes/Camera/SM_CraneRig_Arm.ubulk" 60
"../../../Engine/Content/EditorMeshes/Camera/SM_CraneRig_Arm.uasset" 61
"../../../Engine/Content/EditorMeshes/Camera/SM_CraneRig_Arm.uexp" 62
"../../../Engine/Content/EditorMeshes/Camera/SM_CraneRig_Mount.ubulk" 63
"../../../Engine/Content/EditorMeshes/Camera/SM_CraneRig_Mount.uasset" 64
"../../../Engine/Content/EditorMeshes/Camera/SM_CraneRig_Mount.uexp" 65
"../../../Engine/Content/EditorMeshes/Camera/SM_CraneRig_Body.ubulk" 66
"../../../Engine/Content/EditorMeshes/Camera/SM_CraneRig_Body.uasset" 67
"../../../Engine/Content/EditorMeshes/Camera/SM_CraneRig_Body.uexp" 68
"../../../Engine/Content/EditorMeshes/Camera/SM_RailRig_Track.ubulk" 69
"../../../Engine/Content/EditorMeshes/Camera/SM_RailRig_Track.uasset" 70
"../../../Engine/Content/EditorMeshes/Camera/SM_RailRig_Track.uexp" 71
"../../../Engine/Content/EditorMeshes/Camera/SM_RailRig_Mount.ubulk" 72
"../../../Engine/Content/EditorMeshes/Camera/SM_RailRig_Mount.uasset" 73
"../../../Engine/Content/EditorMeshes/Camera/SM_RailRig_Mount.uexp" 74
"../../../Engine/Content/EngineMaterials/T_Default_Material_Grid_M.ubulk" 75
"../../../Engine/Content/EngineMaterials/T_Default_Material_Grid_M.uasset" 76
"../../../Engine/Content/EngineMaterials/T_Default_Material_Grid_M.uexp" 77
"../../../Engine/Content/EngineMaterials/T_Default_Material_Grid_N.ubulk" 78
"../../../Engine/Content/EngineMaterials/T_Default_Material_Grid_N.uasset" 79
"../../../Engine/Content/EngineMaterials/T_Default_Material_Grid_N.uexp" 80
"../../../Engine/Content/Functions/Engine_MaterialFunctions01/Opacity/CameraDepthFade.uasset" 81
"../../../Engine/Content/Functions/Engine_MaterialFunctions01/Opacity/CameraDepthFade.uexp" 82
"../../../Engine/Content/EngineMaterials/WorldGridMaterial.uasset" 83
"../../../Engine/Content/EngineMaterials/WorldGridMaterial.uexp" 84
"../../../Engine/Content/ArtTools/RenderToTexture/Meshes/S_1_Unit_Plane.ubulk" 85
"../../../Engine/Content/ArtTools/RenderToTexture/Meshes/S_1_Unit_Plane.uasset" 86
"../../../Engine/Content/ArtTools/RenderToTexture/Meshes/S_1_Unit_Plane.uexp" 87
"../../../Engine/Content/EditorMaterials/ParticleSystems/PSysThumbnail_NoImage.ubulk" 88
"../../../Engine/Content/EditorMaterials/ParticleSystems/PSysThumbnail_NoImage.uasset" 89
"../../../Engine/Content/EditorMaterials/ParticleSystems/PSysThumbnail_NoImage.uexp" 90
"../../../Engine/Content/EditorMaterials/ParticleSystems/PSysThumbnail_OOD.ubulk" 91
"../../../Engine/Content/EditorMaterials/ParticleSystems/PSysThumbnail_OOD.uasset" 92
"../../../Engine/Content/EditorMaterials/ParticleSystems/PSysThumbnail_OOD.uexp" 93
"../../../Engine/Content/EditorLandscapeResources/SplineEditorMeshMat.uasset" 94
"../../../Engine/Content/EditorLandscapeResources/SplineEditorMeshMat.uexp" 95
"../../../Engine/Content/EditorLandscapeResources/SplineEditorMesh.ubulk" 96
"../../../Engine/Content/EditorLandscapeResources/SplineEditorMesh.uasset" 97
"../../../Engine/Content/EditorLandscapeResources/SplineEditorMesh.uexp" 98
"../../../Engine/Plugins/Media/MediaPlate/Content/SM_MediaPlateScreen.ubulk" 99
"../../../Engine/Plugins/Media/MediaPlate/Content/SM_MediaPlateScreen.uasset" 100
"../../../Engine/Plugins/Media/MediaPlate/Content/SM_MediaPlateScreen.uexp" 101
"../../../Engine/Content/EngineMaterials/DefaultBokeh.uasset" 102
"../../../Engine/Content/EngineMaterials/DefaultBokeh.uexp" 103
"../../../Engine/Content/EngineMaterials/MiniFont.uasset" 104
"../../../Engine/Content/EngineMaterials/MiniFont.uexp" 105
"../../../Engine/Content/EngineMaterials/WeightMapPlaceholderTexture.uasset" 106
"../../../Engine/Content/EngineMaterials/WeightMapPlaceholderTexture.uexp" 107
"../../../Engine/Content/EngineMaterials/WeightMapArrayPlaceholderTexture.uasset" 108
"../../../Engine/Content/EngineMaterials/WeightMapArrayPlaceholderTexture.uexp" 109
"../../../Engine/Content/EngineMaterials/DefaultWhiteGrid.ubulk" 110
"../../../Engine/Content/EngineMaterials/DefaultWhiteGrid.uasset" 111
"../../../Engine/Content/EngineMaterials/DefaultWhiteGrid.uexp" 112
"../../../Engine/Content/EngineMaterials/PreintegratedSkinBRDF.uasset" 113
"../../../Engine/Content/EngineMaterials/PreintegratedSkinBRDF.uexp" 114
"../../../Engine/Content/Functions/Engine_MaterialFunctions02/WorldPositionOffset/CameraOffset.uasset" 115
"../../../Engine/Content/Functions/Engine_MaterialFunctions02/WorldPositionOffset/CameraOffset.uexp" 116
"../../../Engine/Plugins/Animation/ControlRig/Content/M_Manip.uasset" 117
"../../../Engine/Plugins/Animation/ControlRig/Content/M_Manip.uexp" 118
"../../../Engine/Plugins/Animation/ACLPlugin/Content/ACLAnimCurveCompressionSettings.uasset" 119
"../../../Engine/Plugins/Animation/ACLPlugin/Content/ACLAnimCurveCompressionSettings.uexp" 120
"../../../Engine/Plugins/Animation/ACLPlugin/Content/ACLAnimBoneCompressionSettings.uasset" 121
"../../../Engine/Plugins/Animation/ACLPlugin/Content/ACLAnimBoneCompressionSettings.uexp" 122
"../../../Engine/Plugins/2D/Paper2D/Content/PlaceholderTextures/DummySpriteTexture.ubulk" 123
"../../../Engine/Plugins/2D/Paper2D/Content/PlaceholderTextures/DummySpriteTexture.uasset" 124
"../../../Engine/Plugins/2D/Paper2D/Content/PlaceholderTextures/DummySpriteTexture.uexp" 125
"../../../Engine/Plugins/2D/Paper2D/Content/DefaultSpriteMaterial.uasset" 126
"../../../Engine/Plugins/2D/Paper2D/Content/DefaultSpriteMaterial.uexp" 127
"../../../Engine/Plugins/2D/Paper2D/Content/OpaqueUnlitSpriteMaterial.uasset" 128
"../../../Engine/Plugins/2D/Paper2D/Content/OpaqueUnlitSpriteMaterial.uexp" 129
"../../../Engine/Plugins/2D/Paper2D/Content/MaskedUnlitSpriteMaterial.uasset" 130
"../../../Engine/Plugins/2D/Paper2D/Content/MaskedUnlitSpriteMaterial.uexp" 131
"../../../Engine/Plugins/2D/Paper2D/Content/DummySprite.uasset" 132
"../../../Engine/Plugins/2D/Paper2D/Content/DummySprite.uexp" 133
"../../../Engine/Plugins/2D/Paper2D/Content/DefaultPaperTerrainMaterial.uasset" 134
"../../../Engine/Plugins/2D/Paper2D/Content/DefaultPaperTerrainMaterial.uexp" 135
"../../../Engine/Plugins/Runtime/MeshModelingToolset/Content/Materials/M_DynamicMeshComponentVtxColor.uasset" 136
"../../../Engine/Plugins/Runtime/MeshModelingToolset/Content/Materials/M_DynamicMeshComponentVtxColor.uexp" 137
"D:/_Eko/_UnrealEngine/AfterLife_M2/Plugins/RuntimeSpeechRecognizer-main/Content/LanguageModels/LanguageModel.uasset" 138
"D:/_Eko/_UnrealEngine/AfterLife_M2/Plugins/RuntimeSpeechRecognizer-main/Content/LanguageModels/LanguageModel.uexp" 139
"../../../Engine/Content/Functions/Engine_MaterialFunctions02/Utility/CameraDirectionVector.uasset" 140
"../../../Engine/Content/Functions/Engine_MaterialFunctions02/Utility/CameraDirectionVector.uexp" 141
"../../../Engine/Content/Functions/Engine_MaterialFunctions01/Volumetrics/BeersLaw.uasset" 142
"../../../Engine/Content/Functions/Engine_MaterialFunctions01/Volumetrics/BeersLaw.uexp" 143
"../../../Engine/Content/EngineMaterials/Good64x64TilingNoiseHighFreq.uasset" 144
"../../../Engine/Content/EngineMaterials/Good64x64TilingNoiseHighFreq.uexp" 145
"../../../Engine/Content/Functions/Engine_MaterialFunctions02/Texturing/ScreenAlignedPixelToPixelUVs.uasset" 146
"../../../Engine/Content/Functions/Engine_MaterialFunctions02/Texturing/ScreenAlignedPixelToPixelUVs.uexp" 147
"../../../Engine/Content/Functions/Engine_MaterialFunctions02/Utility/BreakOutFloat3Components.uasset" 148
"../../../Engine/Content/Functions/Engine_MaterialFunctions02/Utility/BreakOutFloat3Components.uexp" 149
"../../../Engine/Content/Functions/Engine_MaterialFunctions03/Math/RemapValueRange.uasset" 150
"../../../Engine/Content/Functions/Engine_MaterialFunctions03/Math/RemapValueRange.uexp" 151
"../../../Engine/Plugins/Editor/SpeedTreeImporter/Content/SpeedTree9/game_wind_noise.ubulk" 152
"../../../Engine/Plugins/Editor/SpeedTreeImporter/Content/SpeedTree9/game_wind_noise.uasset" 153
"../../../Engine/Plugins/Editor/SpeedTreeImporter/Content/SpeedTree9/game_wind_noise.uexp" 154
"../../../Engine/Plugins/Editor/SpeedTreeImporter/Content/SpeedTree9/UnpackDirection.uasset" 155
"../../../Engine/Plugins/Editor/SpeedTreeImporter/Content/SpeedTree9/UnpackDirection.uexp" 156
"../../../Engine/Content/Functions/Engine_MaterialFunctions02/ObjectLocalBounds.uasset" 157
"../../../Engine/Content/Functions/Engine_MaterialFunctions02/ObjectLocalBounds.uexp" 158
"../../../Engine/Content/Functions/Engine_MaterialFunctions02/UVs/BoundingBoxBased_0-1_UVW.uasset" 159
"../../../Engine/Content/Functions/Engine_MaterialFunctions02/UVs/BoundingBoxBased_0-1_UVW.uexp" 160
"../../../Engine/Content/Functions/Engine_MaterialFunctions02/Utility/VectorLength.uasset" 161
"../../../Engine/Content/Functions/Engine_MaterialFunctions02/Utility/VectorLength.uexp" 162
"../../../Engine/Plugins/Editor/SpeedTreeImporter/Content/SpeedTree9/UnpackInteger3.uasset" 163
"../../../Engine/Plugins/Editor/SpeedTreeImporter/Content/SpeedTree9/UnpackInteger3.uexp" 164
"../../../Engine/Plugins/Editor/SpeedTreeImporter/Content/SpeedTree9/SpeedTreeCameraFacing.uasset" 165
"../../../Engine/Plugins/Editor/SpeedTreeImporter/Content/SpeedTree9/SpeedTreeCameraFacing.uexp" 166
"../../../Engine/Content/Functions/Engine_MaterialFunctions02/WorldPositionOffset/ObjectScale.uasset" 167
"../../../Engine/Content/Functions/Engine_MaterialFunctions02/WorldPositionOffset/ObjectScale.uexp" 168
"../../../Engine/Content/Functions/Engine_MaterialFunctions02/SafeNormalize.uasset" 169
"../../../Engine/Content/Functions/Engine_MaterialFunctions02/SafeNormalize.uexp" 170
"../../../Engine/Plugins/Editor/SpeedTreeImporter/Content/SpeedTree9/SpeedTreeWindMotion.uasset" 171
"../../../Engine/Plugins/Editor/SpeedTreeImporter/Content/SpeedTree9/SpeedTreeWindMotion.uexp" 172
"../../../Engine/Plugins/Editor/SpeedTreeImporter/Content/SpeedTree9/SpeedTreeBranchMotion.uasset" 173
"../../../Engine/Plugins/Editor/SpeedTreeImporter/Content/SpeedTree9/SpeedTreeBranchMotion.uexp" 174
"../../../Engine/Plugins/Editor/SpeedTreeImporter/Content/SpeedTree9/SpeedTreeWind.uasset" 175
"../../../Engine/Plugins/Editor/SpeedTreeImporter/Content/SpeedTree9/SpeedTreeWind.uexp" 176
"../../../Engine/Plugins/Editor/SpeedTreeImporter/Content/SpeedTree9/EmptyNormal.uasset" 177
"../../../Engine/Plugins/Editor/SpeedTreeImporter/Content/SpeedTree9/EmptyNormal.uexp" 178
"../../../Engine/Plugins/Editor/SpeedTreeImporter/Content/SpeedTree9/Empty.uasset" 179
"../../../Engine/Plugins/Editor/SpeedTreeImporter/Content/SpeedTree9/Empty.uexp" 180
"../../../Engine/Plugins/Editor/SpeedTreeImporter/Content/SpeedTree9/SpeedTreeMaster.uasset" 181
"../../../Engine/Plugins/Editor/SpeedTreeImporter/Content/SpeedTree9/SpeedTreeMaster.uexp" 182
"../../../Engine/Plugins/Editor/SpeedTreeImporter/Content/SpeedTree9/SpeedTreeBillboard.uasset" 183
"../../../Engine/Plugins/Editor/SpeedTreeImporter/Content/SpeedTree9/SpeedTreeBillboard.uexp" 184
"../../../Engine/Plugins/Editor/SpeedTreeImporter/Content/SpeedTree9/SpeedTreeBillboardMaster.uasset" 185
"../../../Engine/Plugins/Editor/SpeedTreeImporter/Content/SpeedTree9/SpeedTreeBillboardMaster.uexp" 186
"../../../Engine/Plugins/Animation/ControlRig/Content/Controls/DefaultGizmoLibraryNormalized.uasset" 187
"../../../Engine/Plugins/Animation/ControlRig/Content/Controls/DefaultGizmoLibraryNormalized.uexp" 188
"../../../Engine/Plugins/Animation/ControlRig/Content/Controls/ControlRig_Wedge_solid.ubulk" 189
"../../../Engine/Plugins/Animation/ControlRig/Content/Controls/ControlRig_Wedge_solid.uasset" 190
"../../../Engine/Plugins/Animation/ControlRig/Content/Controls/ControlRig_Wedge_solid.uexp" 191
"../../../Engine/Plugins/Animation/ControlRig/Content/Controls/ControlRig_Wedge_3mm.ubulk" 192
"../../../Engine/Plugins/Animation/ControlRig/Content/Controls/ControlRig_Wedge_3mm.uasset" 193
"../../../Engine/Plugins/Animation/ControlRig/Content/Controls/ControlRig_Wedge_3mm.uexp" 194
"../../../Engine/Plugins/Animation/ControlRig/Content/Controls/ControlRig_Wedge_1mm.ubulk" 195
"../../../Engine/Plugins/Animation/ControlRig/Content/Controls/ControlRig_Wedge_1mm.uasset" 196
"../../../Engine/Plugins/Animation/ControlRig/Content/Controls/ControlRig_Wedge_1mm.uexp" 197
"../../../Engine/Plugins/Animation/ControlRig/Content/Controls/ControlRig_Triangle_solid.ubulk" 198
"../../../Engine/Plugins/Animation/ControlRig/Content/Controls/ControlRig_Triangle_solid.uasset" 199
"../../../Engine/Plugins/Animation/ControlRig/Content/Controls/ControlRig_Triangle_solid.uexp" 200
"../../../Engine/Plugins/Animation/ControlRig/Content/Controls/ControlRig_Triangle_3mm.ubulk" 201
"../../../Engine/Plugins/Animation/ControlRig/Content/Controls/ControlRig_Triangle_3mm.uasset" 202
"../../../Engine/Plugins/Animation/ControlRig/Content/Controls/ControlRig_Triangle_3mm.uexp" 203
"../../../Engine/Plugins/Animation/ControlRig/Content/Controls/ControlRig_Triangle_1mm.ubulk" 204
"../../../Engine/Plugins/Animation/ControlRig/Content/Controls/ControlRig_Triangle_1mm.uasset" 205
"../../../Engine/Plugins/Animation/ControlRig/Content/Controls/ControlRig_Triangle_1mm.uexp" 206
"../../../Engine/Plugins/Animation/ControlRig/Content/Controls/ControlRig_Star4_solid.ubulk" 207
"../../../Engine/Plugins/Animation/ControlRig/Content/Controls/ControlRig_Star4_solid.uasset" 208
"../../../Engine/Plugins/Animation/ControlRig/Content/Controls/ControlRig_Star4_solid.uexp" 209
"../../../Engine/Plugins/Animation/ControlRig/Content/Controls/ControlRig_Star4_3mm.ubulk" 210
"../../../Engine/Plugins/Animation/ControlRig/Content/Controls/ControlRig_Star4_3mm.uasset" 211
"../../../Engine/Plugins/Animation/ControlRig/Content/Controls/ControlRig_Star4_3mm.uexp" 212
"../../../Engine/Plugins/Animation/ControlRig/Content/Controls/ControlRig_Star4_1mm.ubulk" 213
"../../../Engine/Plugins/Animation/ControlRig/Content/Controls/ControlRig_Star4_1mm.uasset" 214
"../../../Engine/Plugins/Animation/ControlRig/Content/Controls/ControlRig_Star4_1mm.uexp" 215
"../../../Engine/Plugins/Animation/ControlRig/Content/Controls/ControlRig_Square_solid.ubulk" 216
"../../../Engine/Plugins/Animation/ControlRig/Content/Controls/ControlRig_Square_solid.uasset" 217
"../../../Engine/Plugins/Animation/ControlRig/Content/Controls/ControlRig_Square_solid.uexp" 218
"../../../Engine/Plugins/Animation/ControlRig/Content/Controls/ControlRig_Square_3mm.ubulk" 219
"../../../Engine/Plugins/Animation/ControlRig/Content/Controls/ControlRig_Square_3mm.uasset" 220
"../../../Engine/Plugins/Animation/ControlRig/Content/Controls/ControlRig_Square_3mm.uexp" 221
"../../../Engine/Plugins/Animation/ControlRig/Content/Controls/ControlRig_Square_1mm.ubulk" 222
"../../../Engine/Plugins/Animation/ControlRig/Content/Controls/ControlRig_Square_1mm.uasset" 223
"../../../Engine/Plugins/Animation/ControlRig/Content/Controls/ControlRig_Square_1mm.uexp" 224
"../../../Engine/Plugins/Animation/ControlRig/Content/Controls/ControlRig_Sphere_solid.ubulk" 225
"../../../Engine/Plugins/Animation/ControlRig/Content/Controls/ControlRig_Sphere_solid.uasset" 226
"../../../Engine/Plugins/Animation/ControlRig/Content/Controls/ControlRig_Sphere_solid.uexp" 227
"../../../Engine/Plugins/Animation/ControlRig/Content/Controls/ControlRig_Sphere_3mm.ubulk" 228
"../../../Engine/Plugins/Animation/ControlRig/Content/Controls/ControlRig_Sphere_3mm.uasset" 229
"../../../Engine/Plugins/Animation/ControlRig/Content/Controls/ControlRig_Sphere_3mm.uexp" 230
"../../../Engine/Plugins/Animation/ControlRig/Content/Controls/ControlRig_Sphere_1mm.ubulk" 231
"../../../Engine/Plugins/Animation/ControlRig/Content/Controls/ControlRig_Sphere_1mm.uasset" 232
"../../../Engine/Plugins/Animation/ControlRig/Content/Controls/ControlRig_Sphere_1mm.uexp" 233
"../../../Engine/Plugins/Animation/ControlRig/Content/Controls/ControlRig_RoundedTriangle_solid.ubulk" 234
"../../../Engine/Plugins/Animation/ControlRig/Content/Controls/ControlRig_RoundedTriangle_solid.uasset" 235
"../../../Engine/Plugins/Animation/ControlRig/Content/Controls/ControlRig_RoundedTriangle_solid.uexp" 236
"../../../Engine/Plugins/Animation/ControlRig/Content/Controls/ControlRig_RoundedTriangle_3mm.ubulk" 237
"../../../Engine/Plugins/Animation/ControlRig/Content/Controls/ControlRig_RoundedTriangle_3mm.uasset" 238
"../../../Engine/Plugins/Animation/ControlRig/Content/Controls/ControlRig_RoundedTriangle_3mm.uexp" 239
"../../../Engine/Plugins/Animation/ControlRig/Content/Controls/ControlRig_RoundedTriangle_1mm.ubulk" 240
"../../../Engine/Plugins/Animation/ControlRig/Content/Controls/ControlRig_RoundedTriangle_1mm.uasset" 241
"../../../Engine/Plugins/Animation/ControlRig/Content/Controls/ControlRig_RoundedTriangle_1mm.uexp" 242
"../../../Engine/Plugins/Animation/ControlRig/Content/Controls/ControlRig_RoundedSquare_solid.ubulk" 243
"../../../Engine/Plugins/Animation/ControlRig/Content/Controls/ControlRig_RoundedSquare_solid.uasset" 244
"../../../Engine/Plugins/Animation/ControlRig/Content/Controls/ControlRig_RoundedSquare_solid.uexp" 245
"../../../Engine/Plugins/Animation/ControlRig/Content/Controls/ControlRig_RoundedSquare_3mm.ubulk" 246
"../../../Engine/Plugins/Animation/ControlRig/Content/Controls/ControlRig_RoundedSquare_3mm.uasset" 247
"../../../Engine/Plugins/Animation/ControlRig/Content/Controls/ControlRig_RoundedSquare_3mm.uexp" 248
"../../../Engine/Plugins/Animation/ControlRig/Content/Controls/ControlRig_RoundedSquare_1mm.ubulk" 249
"../../../Engine/Plugins/Animation/ControlRig/Content/Controls/ControlRig_RoundedSquare_1mm.uasset" 250
"../../../Engine/Plugins/Animation/ControlRig/Content/Controls/ControlRig_RoundedSquare_1mm.uexp" 251
"../../../Engine/Plugins/Animation/ControlRig/Content/Controls/ControlRig_QuarterCircle_solid.ubulk" 252
"../../../Engine/Plugins/Animation/ControlRig/Content/Controls/ControlRig_QuarterCircle_solid.uasset" 253
"../../../Engine/Plugins/Animation/ControlRig/Content/Controls/ControlRig_QuarterCircle_solid.uexp" 254
"../../../Engine/Plugins/Animation/ControlRig/Content/Controls/ControlRig_QuarterCircle_3mm.ubulk" 255
"../../../Engine/Plugins/Animation/ControlRig/Content/Controls/ControlRig_QuarterCircle_3mm.uasset" 256
"../../../Engine/Plugins/Animation/ControlRig/Content/Controls/ControlRig_QuarterCircle_3mm.uexp" 257
"../../../Engine/Plugins/Animation/ControlRig/Content/Controls/ControlRig_QuarterCircle_1mm.ubulk" 258
"../../../Engine/Plugins/Animation/ControlRig/Content/Controls/ControlRig_QuarterCircle_1mm.uasset" 259
"../../../Engine/Plugins/Animation/ControlRig/Content/Controls/ControlRig_QuarterCircle_1mm.uexp" 260
"../../../Engine/Plugins/Animation/ControlRig/Content/Controls/ControlRig_Pyramid_solid.ubulk" 261
"../../../Engine/Plugins/Animation/ControlRig/Content/Controls/ControlRig_Pyramid_solid.uasset" 262
"../../../Engine/Plugins/Animation/ControlRig/Content/Controls/ControlRig_Pyramid_solid.uexp" 263
"../../../Engine/Plugins/Animation/ControlRig/Content/Controls/ControlRig_Pyramid_3mm.ubulk" 264
"../../../Engine/Plugins/Animation/ControlRig/Content/Controls/ControlRig_Pyramid_3mm.uasset" 265
"../../../Engine/Plugins/Animation/ControlRig/Content/Controls/ControlRig_Pyramid_3mm.uexp" 266
"../../../Engine/Plugins/Animation/ControlRig/Content/Controls/ControlRig_Pyramid_1mm.ubulk" 267
"../../../Engine/Plugins/Animation/ControlRig/Content/Controls/ControlRig_Pyramid_1mm.uasset" 268
"../../../Engine/Plugins/Animation/ControlRig/Content/Controls/ControlRig_Pyramid_1mm.uexp" 269
"../../../Engine/Plugins/Animation/ControlRig/Content/Controls/ControlRig_Octagon_solid.ubulk" 270
"../../../Engine/Plugins/Animation/ControlRig/Content/Controls/ControlRig_Octagon_solid.uasset" 271
"../../../Engine/Plugins/Animation/ControlRig/Content/Controls/ControlRig_Octagon_solid.uexp" 272
"../../../Engine/Plugins/Animation/ControlRig/Content/Controls/ControlRig_Octagon_3mm.ubulk" 273
"../../../Engine/Plugins/Animation/ControlRig/Content/Controls/ControlRig_Octagon_3mm.uasset" 274
"../../../Engine/Plugins/Animation/ControlRig/Content/Controls/ControlRig_Octagon_3mm.uexp" 275
"../../../Engine/Plugins/Animation/ControlRig/Content/Controls/ControlRig_Octagon_1mm.ubulk" 276
"../../../Engine/Plugins/Animation/ControlRig/Content/Controls/ControlRig_Octagon_1mm.uasset" 277
"../../../Engine/Plugins/Animation/ControlRig/Content/Controls/ControlRig_Octagon_1mm.uexp" 278
"../../../Engine/Plugins/Animation/ControlRig/Content/Controls/ControlRig_Hexagon_solid.ubulk" 279
"../../../Engine/Plugins/Animation/ControlRig/Content/Controls/ControlRig_Hexagon_solid.uasset" 280
"../../../Engine/Plugins/Animation/ControlRig/Content/Controls/ControlRig_Hexagon_solid.uexp" 281
"../../../Engine/Plugins/Animation/ControlRig/Content/Controls/ControlRig_Hexagon_3mm.ubulk" 282
"../../../Engine/Plugins/Animation/ControlRig/Content/Controls/ControlRig_Hexagon_3mm.uasset" 283
"../../../Engine/Plugins/Animation/ControlRig/Content/Controls/ControlRig_Hexagon_3mm.uexp" 284
"../../../Engine/Plugins/Animation/ControlRig/Content/Controls/ControlRig_Hexagon_1mm.ubulk" 285
"../../../Engine/Plugins/Animation/ControlRig/Content/Controls/ControlRig_Hexagon_1mm.uasset" 286
"../../../Engine/Plugins/Animation/ControlRig/Content/Controls/ControlRig_Hexagon_1mm.uexp" 287
"../../../Engine/Plugins/Animation/ControlRig/Content/Controls/ControlRig_HalfCircle_solid.ubulk" 288
"../../../Engine/Plugins/Animation/ControlRig/Content/Controls/ControlRig_HalfCircle_solid.uasset" 289
"../../../Engine/Plugins/Animation/ControlRig/Content/Controls/ControlRig_HalfCircle_solid.uexp" 290
"../../../Engine/Plugins/Animation/ControlRig/Content/Controls/ControlRig_HalfCircle_3mm.ubulk" 291
"../../../Engine/Plugins/Animation/ControlRig/Content/Controls/ControlRig_HalfCircle_3mm.uasset" 292
"../../../Engine/Plugins/Animation/ControlRig/Content/Controls/ControlRig_HalfCircle_3mm.uexp" 293
"../../../Engine/Plugins/Animation/ControlRig/Content/Controls/ControlRig_HalfCircle_1mm.ubulk" 294
"../../../Engine/Plugins/Animation/ControlRig/Content/Controls/ControlRig_HalfCircle_1mm.uasset" 295
"../../../Engine/Plugins/Animation/ControlRig/Content/Controls/ControlRig_HalfCircle_1mm.uexp" 296
"../../../Engine/Plugins/Animation/ControlRig/Content/Controls/ControlRig_Diamond_solid.ubulk" 297
"../../../Engine/Plugins/Animation/ControlRig/Content/Controls/ControlRig_Diamond_solid.uasset" 298
"../../../Engine/Plugins/Animation/ControlRig/Content/Controls/ControlRig_Diamond_solid.uexp" 299
"../../../Engine/Plugins/Animation/ControlRig/Content/Controls/ControlRig_Diamond_3mm.ubulk" 300
"../../../Engine/Plugins/Animation/ControlRig/Content/Controls/ControlRig_Diamond_3mm.uasset" 301
"../../../Engine/Plugins/Animation/ControlRig/Content/Controls/ControlRig_Diamond_3mm.uexp" 302
"../../../Engine/Plugins/Animation/ControlRig/Content/Controls/ControlRig_Diamond_1mm.ubulk" 303
"../../../Engine/Plugins/Animation/ControlRig/Content/Controls/ControlRig_Diamond_1mm.uasset" 304
"../../../Engine/Plugins/Animation/ControlRig/Content/Controls/ControlRig_Diamond_1mm.uexp" 305
"../../../Engine/Plugins/Animation/ControlRig/Content/Controls/ControlRig_Circle_solid.ubulk" 306
"../../../Engine/Plugins/Animation/ControlRig/Content/Controls/ControlRig_Circle_solid.uasset" 307
"../../../Engine/Plugins/Animation/ControlRig/Content/Controls/ControlRig_Circle_solid.uexp" 308
"../../../Engine/Plugins/Animation/ControlRig/Content/Controls/ControlRig_Circle_3mm.ubulk" 309
"../../../Engine/Plugins/Animation/ControlRig/Content/Controls/ControlRig_Circle_3mm.uasset" 310
"../../../Engine/Plugins/Animation/ControlRig/Content/Controls/ControlRig_Circle_3mm.uexp" 311
"../../../Engine/Plugins/Animation/ControlRig/Content/Controls/ControlRig_Circle_1mm.ubulk" 312
"../../../Engine/Plugins/Animation/ControlRig/Content/Controls/ControlRig_Circle_1mm.uasset" 313
"../../../Engine/Plugins/Animation/ControlRig/Content/Controls/ControlRig_Circle_1mm.uexp" 314
"../../../Engine/Plugins/Animation/ControlRig/Content/Controls/ControlRig_Box_solid.ubulk" 315
"../../../Engine/Plugins/Animation/ControlRig/Content/Controls/ControlRig_Box_solid.uasset" 316
"../../../Engine/Plugins/Animation/ControlRig/Content/Controls/ControlRig_Box_solid.uexp" 317
"../../../Engine/Plugins/Animation/ControlRig/Content/Controls/ControlRig_Box_3mm.ubulk" 318
"../../../Engine/Plugins/Animation/ControlRig/Content/Controls/ControlRig_Box_3mm.uasset" 319
"../../../Engine/Plugins/Animation/ControlRig/Content/Controls/ControlRig_Box_3mm.uexp" 320
"../../../Engine/Plugins/Animation/ControlRig/Content/Controls/ControlRig_Box_1mm.ubulk" 321
"../../../Engine/Plugins/Animation/ControlRig/Content/Controls/ControlRig_Box_1mm.uasset" 322
"../../../Engine/Plugins/Animation/ControlRig/Content/Controls/ControlRig_Box_1mm.uexp" 323
"../../../Engine/Plugins/Animation/ControlRig/Content/Controls/ControlRig_Arrow_solid.ubulk" 324
"../../../Engine/Plugins/Animation/ControlRig/Content/Controls/ControlRig_Arrow_solid.uasset" 325
"../../../Engine/Plugins/Animation/ControlRig/Content/Controls/ControlRig_Arrow_solid.uexp" 326
"../../../Engine/Plugins/Animation/ControlRig/Content/Controls/ControlRig_Arrow_3mm.ubulk" 327
"../../../Engine/Plugins/Animation/ControlRig/Content/Controls/ControlRig_Arrow_3mm.uasset" 328
"../../../Engine/Plugins/Animation/ControlRig/Content/Controls/ControlRig_Arrow_3mm.uexp" 329
"../../../Engine/Plugins/Animation/ControlRig/Content/Controls/ControlRig_Arrow_1mm.ubulk" 330
"../../../Engine/Plugins/Animation/ControlRig/Content/Controls/ControlRig_Arrow_1mm.uasset" 331
"../../../Engine/Plugins/Animation/ControlRig/Content/Controls/ControlRig_Arrow_1mm.uexp" 332
"../../../Engine/Plugins/Animation/ControlRig/Content/Controls/ControlRig_Arrow4_solid.ubulk" 333
"../../../Engine/Plugins/Animation/ControlRig/Content/Controls/ControlRig_Arrow4_solid.uasset" 334
"../../../Engine/Plugins/Animation/ControlRig/Content/Controls/ControlRig_Arrow4_solid.uexp" 335
"../../../Engine/Plugins/Animation/ControlRig/Content/Controls/ControlRig_Arrow4_3mm.ubulk" 336
"../../../Engine/Plugins/Animation/ControlRig/Content/Controls/ControlRig_Arrow4_3mm.uasset" 337
"../../../Engine/Plugins/Animation/ControlRig/Content/Controls/ControlRig_Arrow4_3mm.uexp" 338
"../../../Engine/Plugins/Animation/ControlRig/Content/Controls/ControlRig_Arrow4_1mm.ubulk" 339
"../../../Engine/Plugins/Animation/ControlRig/Content/Controls/ControlRig_Arrow4_1mm.uasset" 340
"../../../Engine/Plugins/Animation/ControlRig/Content/Controls/ControlRig_Arrow4_1mm.uexp" 341
"../../../Engine/Plugins/Animation/ControlRig/Content/Controls/ControlRig_Arrow2_solid.ubulk" 342
"../../../Engine/Plugins/Animation/ControlRig/Content/Controls/ControlRig_Arrow2_solid.uasset" 343
"../../../Engine/Plugins/Animation/ControlRig/Content/Controls/ControlRig_Arrow2_solid.uexp" 344
"../../../Engine/Plugins/Animation/ControlRig/Content/Controls/ControlRig_Arrow2_3mm.ubulk" 345
"../../../Engine/Plugins/Animation/ControlRig/Content/Controls/ControlRig_Arrow2_3mm.uasset" 346
"../../../Engine/Plugins/Animation/ControlRig/Content/Controls/ControlRig_Arrow2_3mm.uexp" 347
"../../../Engine/Plugins/Animation/ControlRig/Content/Controls/ControlRig_Arrow2_1mm.ubulk" 348
"../../../Engine/Plugins/Animation/ControlRig/Content/Controls/ControlRig_Arrow2_1mm.uasset" 349
"../../../Engine/Plugins/Animation/ControlRig/Content/Controls/ControlRig_Arrow2_1mm.uexp" 350
"../../../Engine/Plugins/Animation/ControlRig/Content/Controls/ControlRigXRayMaterial.uasset" 351
"../../../Engine/Plugins/Animation/ControlRig/Content/Controls/ControlRigXRayMaterial.uexp" 352
"../../../Engine/Plugins/Animation/ControlRig/Content/Controls/ControlRigGizmoMaterial.uasset" 353
"../../../Engine/Plugins/Animation/ControlRig/Content/Controls/ControlRigGizmoMaterial.uexp" 354
"../../../Engine/Content/VREditor/TransformGizmo/StartRotationHandleIndicator.ubulk" 355
"../../../Engine/Content/VREditor/TransformGizmo/StartRotationHandleIndicator.uasset" 356
"../../../Engine/Content/VREditor/TransformGizmo/StartRotationHandleIndicator.uexp" 357
"../../../Engine/Content/VREditor/Sounds/UI/Drop_Item_From_ContentBrowser.ubulk" 358
"../../../Engine/Content/VREditor/Sounds/UI/Drop_Item_From_ContentBrowser.uasset" 359
"../../../Engine/Content/VREditor/Sounds/UI/Drop_Item_From_ContentBrowser.uexp" 360
"../../../Engine/Content/VREditor/TransformGizmo/PlaneTranslationHandle.ubulk" 361
"../../../Engine/Content/VREditor/TransformGizmo/PlaneTranslationHandle.uasset" 362
"../../../Engine/Content/VREditor/TransformGizmo/PlaneTranslationHandle.uexp" 363
"../../../Engine/Content/VREditor/Sounds/UI/Object_Snaps_To_Grid.ubulk" 364
"../../../Engine/Content/VREditor/Sounds/UI/Object_Snaps_To_Grid.uasset" 365
"../../../Engine/Content/VREditor/Sounds/UI/Object_Snaps_To_Grid.uexp" 366
"../../../Engine/Content/VREditor/Sounds/UI/Selection_Changes.ubulk" 367
"../../../Engine/Content/VREditor/Sounds/UI/Selection_Changes.uasset" 368
"../../../Engine/Content/VREditor/Sounds/UI/Selection_Changes.uexp" 369
"../../../Engine/Content/VREditor/Sounds/UI/Object_Snaps_To_Another_Actor.ubulk" 370
"../../../Engine/Content/VREditor/Sounds/UI/Object_Snaps_To_Another_Actor.uasset" 371
"../../../Engine/Content/VREditor/Sounds/UI/Object_Snaps_To_Another_Actor.uexp" 372
"../../../Engine/Content/VREditor/TransformGizmo/TranslucentTransformGizmoMaterial_Inst.uasset" 373
"../../../Engine/Content/VREditor/TransformGizmo/TranslucentTransformGizmoMaterial_Inst.uexp" 374
"../../../Engine/Content/VREditor/TransformGizmo/TransformGizmoFreeRotation.ubulk" 375
"../../../Engine/Content/VREditor/TransformGizmo/TransformGizmoFreeRotation.uasset" 376
"../../../Engine/Content/VREditor/TransformGizmo/TransformGizmoFreeRotation.uexp" 377
"../../../Engine/Content/VREditor/Sounds/UI/Scaling_Down.ubulk" 378
"../../../Engine/Content/VREditor/Sounds/UI/Scaling_Down.uasset" 379
"../../../Engine/Content/VREditor/Sounds/UI/Scaling_Down.uexp" 380
"../../../Engine/Content/Functions/Engine_MaterialFunctions02/Math/Transform3x3Matrix.uasset" 381
"../../../Engine/Content/Functions/Engine_MaterialFunctions02/Math/Transform3x3Matrix.uexp" 382
"../../../Engine/Content/Functions/Engine_MaterialFunctions02/SplitComponents.uasset" 383
"../../../Engine/Content/Functions/Engine_MaterialFunctions02/SplitComponents.uexp" 384
"../../../Engine/Content/Functions/Engine_MaterialFunctions02/Utility/MakeFloat3.uasset" 385
"../../../Engine/Content/Functions/Engine_MaterialFunctions02/Utility/MakeFloat3.uexp" 386
"../../../Engine/Content/VREditor/SnapGrid/SnapGridMaterial.uasset" 387
"../../../Engine/Content/VREditor/SnapGrid/SnapGridMaterial.uexp" 388
"../../../Engine/Content/VREditor/SnapGrid/SnapGridPlaneMesh.ubulk" 389
"../../../Engine/Content/VREditor/SnapGrid/SnapGridPlaneMesh.uasset" 390
"../../../Engine/Content/VREditor/SnapGrid/SnapGridPlaneMesh.uexp" 391
"../../../Engine/Content/VREditor/Sounds/UI/Scaling_Up.ubulk" 392
"../../../Engine/Content/VREditor/Sounds/UI/Scaling_Up.uasset" 393
"../../../Engine/Content/VREditor/Sounds/UI/Scaling_Up.uexp" 394
"../../../Engine/Content/VREditor/TransformGizmo/TransformGizmoMaterial_Inst.uasset" 395
"../../../Engine/Content/VREditor/TransformGizmo/TransformGizmoMaterial_Inst.uexp" 396
"../../../Engine/Content/VREditor/Sounds/UI/Gizmo_Handle_Clicked.ubulk" 397
"../../../Engine/Content/VREditor/Sounds/UI/Gizmo_Handle_Clicked.uasset" 398
"../../../Engine/Content/VREditor/Sounds/UI/Gizmo_Handle_Clicked.uexp" 399
"../../../Engine/Content/VREditor/TransformGizmo/RotationHandleQuarter.ubulk" 400
"../../../Engine/Content/VREditor/TransformGizmo/RotationHandleQuarter.uasset" 401
"../../../Engine/Content/VREditor/TransformGizmo/RotationHandleQuarter.uexp" 402
"../../../Engine/Content/VREditor/TransformGizmo/TranslateArrowHandle.ubulk" 403
"../../../Engine/Content/VREditor/TransformGizmo/TranslateArrowHandle.uasset" 404
"../../../Engine/Content/VREditor/TransformGizmo/TranslateArrowHandle.uexp" 405
"../../../Engine/Content/VREditor/TransformGizmo/RotationHandleIndicator.ubulk" 406
"../../../Engine/Content/VREditor/TransformGizmo/RotationHandleIndicator.uasset" 407
"../../../Engine/Content/VREditor/TransformGizmo/RotationHandleIndicator.uexp" 408
"../../../Engine/Content/VREditor/TransformGizmo/UniformScaleHandle.ubulk" 409
"../../../Engine/Content/VREditor/TransformGizmo/UniformScaleHandle.uasset" 410
"../../../Engine/Content/VREditor/TransformGizmo/UniformScaleHandle.uexp" 411
"../../../Engine/Content/VREditor/TransformGizmo/RotationHandleFull.ubulk" 412
"../../../Engine/Content/VREditor/TransformGizmo/RotationHandleFull.uasset" 413
"../../../Engine/Content/VREditor/TransformGizmo/RotationHandleFull.uexp" 414
"../../../Engine/Content/VREditor/Sounds/UI/Object_PickUp.ubulk" 415
"../../../Engine/Content/VREditor/Sounds/UI/Object_PickUp.uasset" 416
"../../../Engine/Content/VREditor/Sounds/UI/Object_PickUp.uexp" 417
"../../../Engine/Content/EngineSounds/Master.uasset" 418
"../../../Engine/Content/EngineSounds/Master.uexp" 419
"../../../Engine/Content/EngineResources/WhiteSquareTexture.uasset" 420
"../../../Engine/Content/EngineResources/WhiteSquareTexture.uexp" 421
"../../../Engine/Content/EngineMaterials/Widget3DPassThrough.uasset" 422
"../../../Engine/Content/EngineMaterials/Widget3DPassThrough.uexp" 423
"../../../Engine/Content/EngineMaterials/Widget3DPassThrough_Translucent.uasset" 424
"../../../Engine/Content/EngineMaterials/Widget3DPassThrough_Translucent.uexp" 425
"../../../Engine/Content/EngineMaterials/Widget3DPassThrough_Translucent_OneSided.uasset" 426
"../../../Engine/Content/EngineMaterials/Widget3DPassThrough_Translucent_OneSided.uexp" 427
"../../../Engine/Content/EngineMaterials/Widget3DPassThrough_Opaque.uasset" 428
"../../../Engine/Content/EngineMaterials/Widget3DPassThrough_Opaque.uexp" 429
"../../../Engine/Content/EngineMaterials/Widget3DPassThrough_Opaque_OneSided.uasset" 430
"../../../Engine/Content/EngineMaterials/Widget3DPassThrough_Opaque_OneSided.uexp" 431
"../../../Engine/Content/EngineMaterials/Widget3DPassThrough_Masked_OneSided.uasset" 432
"../../../Engine/Content/EngineMaterials/Widget3DPassThrough_Masked_OneSided.uexp" 433
"../../../Engine/Content/EngineMaterials/Widget3DPassThrough_Masked.uasset" 434
"../../../Engine/Content/EngineMaterials/Widget3DPassThrough_Masked.uexp" 435
"../../../Engine/Content/EngineMaterials/STBlueNoise_vec2_128x128x64.uasset" 436
"../../../Engine/Content/EngineMaterials/STBlueNoise_vec2_128x128x64.uexp" 437
"../../../Engine/Content/EngineMaterials/STBlueNoise_scalar_128x128x64.uasset" 438
"../../../Engine/Content/EngineMaterials/STBlueNoise_scalar_128x128x64.uexp" 439
"../../../Engine/Content/EngineMaterials/RemoveSurfaceMaterial.uasset" 440
"../../../Engine/Content/EngineMaterials/RemoveSurfaceMaterial.uexp" 441
"../../../Engine/Content/EngineMaterials/DefaultCalibrationGrayscale.uasset" 442
"../../../Engine/Content/EngineMaterials/DefaultCalibrationGrayscale.uexp" 443
"../../../Engine/Content/EngineMaterials/PPM_DefaultCalibrationGrayscale.uasset" 444
"../../../Engine/Content/EngineMaterials/PPM_DefaultCalibrationGrayscale.uexp" 445
"../../../Engine/Content/EngineMaterials/DefaultCalibrationColor.uasset" 446
"../../../Engine/Content/EngineMaterials/DefaultCalibrationColor.uexp" 447
"../../../Engine/Content/EngineMaterials/PPM_DefaultCalibrationColor.uasset" 448
"../../../Engine/Content/EngineMaterials/PPM_DefaultCalibrationColor.uexp" 449
"../../../Engine/Content/EngineMaterials/PhAT_JointLimitMaterial.uasset" 450
"../../../Engine/Content/EngineMaterials/PhAT_JointLimitMaterial.uexp" 451
"../../../Engine/Content/EngineMaterials/NaniteHiddenSectionMaterial.uasset" 452
"../../../Engine/Content/EngineMaterials/NaniteHiddenSectionMaterial.uexp" 453
"../../../Engine/Content/EngineMaterials/InvalidLightmapSettings.ubulk" 454
"../../../Engine/Content/EngineMaterials/InvalidLightmapSettings.uasset" 455
"../../../Engine/Content/EngineMaterials/InvalidLightmapSettings.uexp" 456
"../../../Engine/Content/EngineMaterials/M_InvalidLightmapSettings.uasset" 457
"../../../Engine/Content/EngineMaterials/M_InvalidLightmapSettings.uexp" 458
"../../../Engine/Content/EngineMaterials/GizmoMaterial.uasset" 459
"../../../Engine/Content/EngineMaterials/GizmoMaterial.uexp" 460
"../../../Engine/Content/EngineMaterials/BaseFlattenEmissiveMap_VT.uasset" 461
"../../../Engine/Content/EngineMaterials/BaseFlattenEmissiveMap_VT.uexp" 462
"../../../Engine/Content/EngineMaterials/BaseFlattenGrayscaleMap_VT.uasset" 463
"../../../Engine/Content/EngineMaterials/BaseFlattenGrayscaleMap_VT.uexp" 464
"../../../Engine/Content/EngineMaterials/BaseFlattenLinearColor_VT.uasset" 465
"../../../Engine/Content/EngineMaterials/BaseFlattenLinearColor_VT.uexp" 466
"../../../Engine/Content/EngineMaterials/Black_1x1_EXR_Texture_VT.uasset" 467
"../../../Engine/Content/EngineMaterials/Black_1x1_EXR_Texture_VT.uexp" 468
"../../../Engine/Content/EngineMaterials/BaseFlattenDiffuseMap_VT.uasset" 469
"../../../Engine/Content/EngineMaterials/BaseFlattenDiffuseMap_VT.uexp" 470
"../../../Engine/Content/EngineMaterials/BaseFlattenNormalMap_VT.uasset" 471
"../../../Engine/Content/EngineMaterials/BaseFlattenNormalMap_VT.uexp" 472
"../../../Engine/Content/EngineMaterials/FlattenMaterial_WS_Normal_VT.uasset" 473
"../../../Engine/Content/EngineMaterials/FlattenMaterial_WS_Normal_VT.uexp" 474
"../../../Engine/Content/EngineMaterials/FlattenMaterial_VT.uasset" 475
"../../../Engine/Content/EngineMaterials/FlattenMaterial_VT.uexp" 476
"../../../Engine/Content/EngineMaterials/BaseFlattenNormalMap.uasset" 477
"../../../Engine/Content/EngineMaterials/BaseFlattenNormalMap.uexp" 478
"../../../Engine/Content/EngineMaterials/BaseFlattenGrayscaleMap.uasset" 479
"../../../Engine/Content/EngineMaterials/BaseFlattenGrayscaleMap.uexp" 480
"../../../Engine/Content/EngineMaterials/BaseFlattenDiffuseMap.uasset" 481
"../../../Engine/Content/EngineMaterials/BaseFlattenDiffuseMap.uexp" 482
"../../../Engine/Content/Functions/Engine_MaterialFunctions02/PivotPainter2/Black_1x1_EXR_Texture.uasset" 483
"../../../Engine/Content/Functions/Engine_MaterialFunctions02/PivotPainter2/Black_1x1_EXR_Texture.uexp" 484
"../../../Engine/Content/EngineMaterials/BaseFlattenEmissiveMap.uasset" 485
"../../../Engine/Content/EngineMaterials/BaseFlattenEmissiveMap.uexp" 486
"../../../Engine/Content/EngineMaterials/BaseFlattenLinearColor.uasset" 487
"../../../Engine/Content/EngineMaterials/BaseFlattenLinearColor.uexp" 488
"../../../Engine/Content/EngineMaterials/FlattenMaterial.uasset" 489
"../../../Engine/Content/EngineMaterials/FlattenMaterial.uexp" 490
"../../../Engine/Content/EngineMaterials/DefaultWhiteGrid_Low.uasset" 491
"../../../Engine/Content/EngineMaterials/DefaultWhiteGrid_Low.uexp" 492
"../../../Engine/Content/EngineMaterials/EmissiveMeshMaterial.uasset" 493
"../../../Engine/Content/EngineMaterials/EmissiveMeshMaterial.uexp" 494
"../../../Engine/Content/EngineFonts/RobotoDistanceField.uasset" 495
"../../../Engine/Content/EngineFonts/RobotoDistanceField.uexp" 496
"../../../Engine/Content/EngineMaterials/DefaultTextMaterialOpaque.uasset" 497
"../../../Engine/Content/EngineMaterials/DefaultTextMaterialOpaque.uexp" 498
"../../../Engine/Content/EngineMaterials/DefaultDiffuse.ubulk" 499
"../../../Engine/Content/EngineMaterials/DefaultDiffuse.uasset" 500
"../../../Engine/Content/EngineMaterials/DefaultDiffuse.uexp" 501
"../../../Engine/Content/Functions/Engine_MaterialFunctions02/Utility/BreakOutFloat2Components.uasset" 502
"../../../Engine/Content/Functions/Engine_MaterialFunctions02/Utility/BreakOutFloat2Components.uexp" 503
"../../../Engine/Content/EngineMaterials/DefaultPostProcessMaterial.uasset" 504
"../../../Engine/Content/EngineMaterials/DefaultPostProcessMaterial.uexp" 505
"../../../Engine/Content/EngineMaterials/DefaultPhysicalMaterial.uasset" 506
"../../../Engine/Content/EngineMaterials/DefaultPhysicalMaterial.uexp" 507
"../../../Engine/Content/EngineMaterials/DefaultLightFunctionMaterial.uasset" 508
"../../../Engine/Content/EngineMaterials/DefaultLightFunctionMaterial.uexp" 509
"../../../Engine/Content/EngineMaterials/DefaultDestructiblePhysicalMaterial.uasset" 510
"../../../Engine/Content/EngineMaterials/DefaultDestructiblePhysicalMaterial.uexp" 511
"../../../Engine/Content/EngineMaterials/DefaultDeferredDecalMaterial.uasset" 512
"../../../Engine/Content/EngineMaterials/DefaultDeferredDecalMaterial.uexp" 513
"../../../Engine/Content/EngineMaterials/DefaultBloomKernel.uasset" 514
"../../../Engine/Content/EngineMaterials/DefaultBloomKernel.uexp" 515
"../../../Engine/Content/EngineFonts/Faces/RobotoLight.uexp" 516
"../../../Engine/Content/EngineFonts/Faces/RobotoLight.uasset" 517
"../../../Engine/Content/EngineFonts/Faces/RobotoLight.ufont" 518
"../../../Engine/Content/EngineFonts/Faces/RobotoBold.uexp" 519
"../../../Engine/Content/EngineFonts/Faces/RobotoBold.uasset" 520
"../../../Engine/Content/EngineFonts/Faces/RobotoBold.ufont" 521
"../../../Engine/Content/EngineFonts/Faces/RobotoRegular.uexp" 522
"../../../Engine/Content/EngineFonts/Faces/RobotoRegular.uasset" 523
"../../../Engine/Content/EngineFonts/Faces/RobotoRegular.ufont" 524
"../../../Engine/Content/EngineFonts/Faces/DroidSansFallback.uexp" 525
"../../../Engine/Content/EngineFonts/Faces/DroidSansFallback.uasset" 526
"../../../Engine/Content/EngineFonts/Faces/DroidSansFallback.ufont" 527
"../../../Engine/Content/EngineFonts/Faces/RobotoItalic.uexp" 528
"../../../Engine/Content/EngineFonts/Faces/RobotoItalic.uasset" 529
"../../../Engine/Content/EngineFonts/Faces/RobotoItalic.ufont" 530
"../../../Engine/Content/EngineFonts/Faces/RobotoBoldItalic.uexp" 531
"../../../Engine/Content/EngineFonts/Faces/RobotoBoldItalic.uasset" 532
"../../../Engine/Content/EngineFonts/Faces/RobotoBoldItalic.ufont" 533
"../../../Engine/Content/EngineFonts/Roboto.uasset" 534
"../../../Engine/Content/EngineFonts/Roboto.uexp" 535
"../../../Engine/Content/EngineDebugMaterials/VolumeToRender.uasset" 536
"../../../Engine/Content/EngineDebugMaterials/VolumeToRender.uexp" 537
"../../../Engine/Content/EngineDebugMaterials/M_VolumeRenderSphereTracePP.uasset" 538
"../../../Engine/Content/EngineDebugMaterials/M_VolumeRenderSphereTracePP.uexp" 539
"../../../Engine/Content/EngineDebugMaterials/M_SimpleUnlitTranslucent.uasset" 540
"../../../Engine/Content/EngineDebugMaterials/M_SimpleUnlitTranslucent.uexp" 541
"../../../Engine/Content/EngineDebugMaterials/DebugMeshMaterial.uasset" 542
"../../../Engine/Content/EngineDebugMaterials/DebugMeshMaterial.uexp" 543
"../../../Engine/Content/EngineDebugMaterials/DebugEditorMaterial.uasset" 544
"../../../Engine/Content/EngineDebugMaterials/DebugEditorMaterial.uexp" 545
"../../../Engine/Content/EngineDamageTypes/DmgTypeBP_Environmental.uasset" 546
"../../../Engine/Content/EngineDamageTypes/DmgTypeBP_Environmental.uexp" 547
"../../../Engine/Content/EditorResources/S_Terrain.ubulk" 548
"../../../Engine/Content/EditorResources/S_Terrain.uasset" 549
"../../../Engine/Content/EditorResources/S_Terrain.uexp" 550
"../../../Engine/Content/EditorResources/EmptyActor.uasset" 551
"../../../Engine/Content/EditorResources/EmptyActor.uexp" 552
"../../../Engine/Content/EditorResources/BSPVertex.uasset" 553
"../../../Engine/Content/EditorResources/BSPVertex.uexp" 554
"../../../Engine/Content/EditorMaterials/PreviewShadowIndicator.ubulk" 555
"../../../Engine/Content/EditorMaterials/PreviewShadowIndicator.uasset" 556
"../../../Engine/Content/EditorMaterials/PreviewShadowIndicator.uexp" 557
"../../../Engine/Content/EditorMaterials/PreviewShadowIndicatorMaterial.uasset" 558
"../../../Engine/Content/EditorMaterials/PreviewShadowIndicatorMaterial.uexp" 559
"../../../Engine/Content/EditorMaterials/PhAT_UnselectedMaterial.uasset" 560
"../../../Engine/Content/EditorMaterials/PhAT_UnselectedMaterial.uexp" 561
"../../../Engine/Content/EditorMaterials/PhAT_NoCollisionMaterial.uasset" 562
"../../../Engine/Content/EditorMaterials/PhAT_NoCollisionMaterial.uexp" 563
"../../../Engine/Content/EditorLandscapeResources/DefaultAlphaTexture.uasset" 564
"../../../Engine/Content/EditorLandscapeResources/DefaultAlphaTexture.uexp" 565
"../../../Engine/Content/EditorLandscapeResources/DataLayer.uasset" 566
"../../../Engine/Content/EditorLandscapeResources/DataLayer.uexp" 567
"../../../Engine/Content/EngineMaterials/DefaultMaterial.uasset" 568
"../../../Engine/Content/EngineMaterials/DefaultMaterial.uexp" 569
"../../../Engine/Content/BasicShapes/Sphere.ubulk" 570
"../../../Engine/Content/BasicShapes/Sphere.uasset" 571
"../../../Engine/Content/BasicShapes/Sphere.uexp" 572
"../../../Engine/Content/BasicShapes/Plane.ubulk" 573
"../../../Engine/Content/BasicShapes/Plane.uasset" 574
"../../../Engine/Content/BasicShapes/Plane.uexp" 575
"../../../Engine/Content/BasicShapes/Cylinder.ubulk" 576
"../../../Engine/Content/BasicShapes/Cylinder.uasset" 577
"../../../Engine/Content/BasicShapes/Cylinder.uexp" 578
"../../../Engine/Content/BasicShapes/Cube.ubulk" 579
"../../../Engine/Content/BasicShapes/Cube.uasset" 580
"../../../Engine/Content/BasicShapes/Cube.uexp" 581
"../../../Engine/Content/BasicShapes/Cone.ubulk" 582
"../../../Engine/Content/BasicShapes/Cone.uasset" 583
"../../../Engine/Content/BasicShapes/Cone.uexp" 584
"../../../Engine/Content/BasicShapes/BasicShapeMaterial.uasset" 585
"../../../Engine/Content/BasicShapes/BasicShapeMaterial.uexp" 586
"../../../Engine/Content/Animation/DefaultVariableFrameStrippingSettings.uasset" 587
"../../../Engine/Content/Animation/DefaultVariableFrameStrippingSettings.uexp" 588
"../../../Engine/Content/Animation/DefaultRecorderBoneCompression.uasset" 589
"../../../Engine/Content/Animation/DefaultRecorderBoneCompression.uexp" 590
"D:/_Eko/_UnrealEngine/AfterLife_M2/Content/Movies/MS_Result.uasset" 591
"D:/_Eko/_UnrealEngine/AfterLife_M2/Content/Movies/MS_Result.uexp" 592
"D:/_Eko/_UnrealEngine/AfterLife_M2/Content/Movies/MP_Movies.uasset" 593
"D:/_Eko/_UnrealEngine/AfterLife_M2/Content/Movies/MP_Movies.uexp" 594
"D:/_Eko/_UnrealEngine/AfterLife_M2/Content/Movies/MP_Movies_Video.uasset" 595
"D:/_Eko/_UnrealEngine/AfterLife_M2/Content/Movies/MP_Movies_Video.uexp" 596
"D:/_Eko/_UnrealEngine/AfterLife_M2/Content/Movies/MP_Movies_Video_Mat.uasset" 597
"D:/_Eko/_UnrealEngine/AfterLife_M2/Content/Movies/MP_Movies_Video_Mat.uexp" 598
"D:/_Eko/_UnrealEngine/AfterLife_M2/Content/_Main/UI/Widget/WBP_Opening.uasset" 599
"D:/_Eko/_UnrealEngine/AfterLife_M2/Content/_Main/UI/Widget/WBP_Opening.uexp" 600
"D:/_Eko/_UnrealEngine/AfterLife_M2/Content/_Main/UI/Widget/WBP_BaseUI.uasset" 601
"D:/_Eko/_UnrealEngine/AfterLife_M2/Content/_Main/UI/Widget/WBP_BaseUI.uexp" 602
"D:/_Eko/_UnrealEngine/AfterLife_M2/Content/_Main/System/XrunPawn.uasset" 603
"D:/_Eko/_UnrealEngine/AfterLife_M2/Content/_Main/System/XrunPawn.uexp" 604
"D:/_Eko/_UnrealEngine/AfterLife_M2/Content/_Main/System/XrunGM.uasset" 605
"D:/_Eko/_UnrealEngine/AfterLife_M2/Content/_Main/System/XrunGM.uexp" 606
"../../../Engine/Content/Functions/Engine_MaterialFunctions02/Math/AddComponents.uasset" 607
"../../../Engine/Content/Functions/Engine_MaterialFunctions02/Math/AddComponents.uexp" 608
"../../../Engine/Content/Functions/Engine_MaterialFunctions01/Texturing/FlattenNormal.uasset" 609
"../../../Engine/Content/Functions/Engine_MaterialFunctions01/Texturing/FlattenNormal.uexp" 610
"../../../Engine/Content/EngineSky/VolumetricClouds/CloudWeatherTexture.uasset" 611
"../../../Engine/Content/EngineSky/VolumetricClouds/CloudWeatherTexture.uexp" 612
"../../../Engine/Content/Functions/Engine_MaterialFunctions02/Utility/MakeFloat2.uasset" 613
"../../../Engine/Content/Functions/Engine_MaterialFunctions02/Utility/MakeFloat2.uexp" 614
"../../../Engine/Content/EngineSky/VolumetricClouds/CloudGradientTexture.uasset" 615
"../../../Engine/Content/EngineSky/VolumetricClouds/CloudGradientTexture.uexp" 616
"../../../Engine/Content/EngineSky/VolumetricClouds/T_NoiseShape64.ubulk" 617
"../../../Engine/Content/EngineSky/VolumetricClouds/T_NoiseShape64.uasset" 618
"../../../Engine/Content/EngineSky/VolumetricClouds/T_NoiseShape64.uexp" 619
"../../../Engine/Content/EngineSky/VolumetricClouds/T_VolumeNoiseShape64.uasset" 620
"../../../Engine/Content/EngineSky/VolumetricClouds/T_VolumeNoiseShape64.uexp" 621
"../../../Engine/Content/EngineSky/VolumetricClouds/T_NoiseErosion.ubulk" 622
"../../../Engine/Content/EngineSky/VolumetricClouds/T_NoiseErosion.uasset" 623
"../../../Engine/Content/EngineSky/VolumetricClouds/T_NoiseErosion.uexp" 624
"../../../Engine/Content/EngineSky/VolumetricClouds/T_VolumeNoiseErosion32.uasset" 625
"../../../Engine/Content/EngineSky/VolumetricClouds/T_VolumeNoiseErosion32.uexp" 626
"../../../Engine/Content/EngineSky/VolumetricClouds/m_SimpleVolumetricCloud.uasset" 627
"../../../Engine/Content/EngineSky/VolumetricClouds/m_SimpleVolumetricCloud.uexp" 628
"../../../Engine/Content/EngineSky/VolumetricClouds/m_SimpleVolumetricCloud_Inst.uasset" 629
"../../../Engine/Content/EngineSky/VolumetricClouds/m_SimpleVolumetricCloud_Inst.uexp" 630
"../../../Engine/Content/EngineResources/FilmGrains/Marcie_Grain_v3_128_M2_000.uasset" 631
"../../../Engine/Content/EngineResources/FilmGrains/Marcie_Grain_v3_128_M2_000.uexp" 632
"../../../Engine/Content/EditorResources/SequenceRecorder/RecordingIndicator.uasset" 633
"../../../Engine/Content/EditorResources/SequenceRecorder/RecordingIndicator.uexp" 634
"../../../Engine/Content/EditorResources/SequenceRecorder/Countdown.uasset" 635
"../../../Engine/Content/EditorResources/SequenceRecorder/Countdown.uexp" 636
"../../../Engine/Content/EditorMaterials/Dataflow/DataflowVertexMaterial.uasset" 637
"../../../Engine/Content/EditorMaterials/Dataflow/DataflowVertexMaterial.uexp" 638
"../../../Engine/Content/Functions/Engine_MaterialFunctions01/Shading/PowerToRoughness.uasset" 639
"../../../Engine/Content/Functions/Engine_MaterialFunctions01/Shading/PowerToRoughness.uexp" 640
"../../../Engine/Content/Functions/Engine_MaterialFunctions01/Shading/ConvertFromDiffSpec.uasset" 641
"../../../Engine/Content/Functions/Engine_MaterialFunctions01/Shading/ConvertFromDiffSpec.uexp" 642
"../../../Engine/Content/EngineMaterials/Substrate/Volume/SubstrateSimpleVolumeLUT3D.uasset" 643
"../../../Engine/Content/EngineMaterials/Substrate/Volume/SubstrateSimpleVolumeLUT3D.uexp" 644
"../../../Engine/Content/EngineMaterials/Substrate/Volume/SubstrateSimpleVolumeEnvLUT3D.uasset" 645
"../../../Engine/Content/EngineMaterials/Substrate/Volume/SubstrateSimpleVolumeEnvLUT3D.uexp" 646
"../../../Engine/Content/EngineMaterials/Substrate/GLints2/AGlintTex2dArray2.uasset" 647
"../../../Engine/Content/EngineMaterials/Substrate/GLints2/AGlintTex2dArray2.uexp" 648
"../../../Engine/Content/EngineMaterials/Substrate/GLints/AGlintTex2dArray.uasset" 649
"../../../Engine/Content/EngineMaterials/Substrate/GLints/AGlintTex2dArray.uexp" 650
"../../../Engine/Content/Maps/Entry_BuiltData.uasset" 651
"../../../Engine/Content/Maps/Entry_BuiltData.uexp" 652
"../../../Engine/Content/Maps/Entry.uexp" 653
"../../../Engine/Content/Maps/Entry.umap" 654
"../../../Engine/Content/EngineMaterials/BlendFunc_DefBlend.uasset" 655
"../../../Engine/Content/EngineMaterials/BlendFunc_DefBlend.uexp" 656
"../../../Engine/Content/OpenWorldTemplate/LandscapeMaterial/T_GridChecker_A.ubulk" 657
"../../../Engine/Content/OpenWorldTemplate/LandscapeMaterial/T_GridChecker_A.uasset" 658
"../../../Engine/Content/OpenWorldTemplate/LandscapeMaterial/T_GridChecker_A.uexp" 659
"../../../Engine/Content/EngineMaterials/BlendFunc_DefBase.uasset" 660
"../../../Engine/Content/EngineMaterials/BlendFunc_DefBase.uexp" 661
"../../../Engine/Content/Functions/Engine_MaterialFunctions03/Blends/Blend_Overlay.uasset" 662
"../../../Engine/Content/Functions/Engine_MaterialFunctions03/Blends/Blend_Overlay.uexp" 663
"../../../Engine/Content/Functions/Engine_MaterialFunctions01/Gradient/LinearGradient.uasset" 664
"../../../Engine/Content/Functions/Engine_MaterialFunctions01/Gradient/LinearGradient.uexp" 665
"../../../Engine/Content/Functions/Engine_MaterialFunctions01/ImageAdjustment/CheapContrast.uasset" 666
"../../../Engine/Content/Functions/Engine_MaterialFunctions01/ImageAdjustment/CheapContrast.uexp" 667
"../../../Engine/Content/OpenWorldTemplate/LandscapeMaterial/MF_ProcGrid.uasset" 668
"../../../Engine/Content/OpenWorldTemplate/LandscapeMaterial/MF_ProcGrid.uexp" 669
"../../../Engine/Content/OpenWorldTemplate/LandscapeMaterial/M_ProcGrid.uasset" 670
"../../../Engine/Content/OpenWorldTemplate/LandscapeMaterial/M_ProcGrid.uexp" 671
"../../../Engine/Content/OpenWorldTemplate/LandscapeMaterial/MI_ProcGrid.uasset" 672
"../../../Engine/Content/OpenWorldTemplate/LandscapeMaterial/MI_ProcGrid.uexp" 673
"D:/_Eko/_UnrealEngine/AfterLife_M2/Content/_Main/Audio/Audio_Test.ubulk" 674
"D:/_Eko/_UnrealEngine/AfterLife_M2/Content/_Main/Audio/Audio_Test.uasset" 675
"D:/_Eko/_UnrealEngine/AfterLife_M2/Content/_Main/Audio/Audio_Test.uexp" 676
"../../../Engine/Content/EngineSky/T_Sky_Stars.ubulk" 677
"../../../Engine/Content/EngineSky/T_Sky_Stars.uasset" 678
"../../../Engine/Content/EngineSky/T_Sky_Stars.uexp" 679
"../../../Engine/Content/EngineSky/T_Sky_Clouds_M.ubulk" 680
"../../../Engine/Content/EngineSky/T_Sky_Clouds_M.uasset" 681
"../../../Engine/Content/EngineSky/T_Sky_Clouds_M.uexp" 682
"../../../Engine/Content/EngineSky/T_Sky_Blue.ubulk" 683
"../../../Engine/Content/EngineSky/T_Sky_Blue.uasset" 684
"../../../Engine/Content/EngineSky/T_Sky_Blue.uexp" 685
"../../../Engine/Content/EngineSky/M_Sky_Panning_Clouds2.uasset" 686
"../../../Engine/Content/EngineSky/M_Sky_Panning_Clouds2.uexp" 687
"../../../Engine/Content/EngineSky/SM_SkySphere.ubulk" 688
"../../../Engine/Content/EngineSky/SM_SkySphere.uasset" 689
"../../../Engine/Content/EngineSky/SM_SkySphere.uexp" 690
"../../../Engine/Content/MapTemplates/SM_Template_Map_Floor.ubulk" 691
"../../../Engine/Content/MapTemplates/SM_Template_Map_Floor.uasset" 692
"../../../Engine/Content/MapTemplates/SM_Template_Map_Floor.uexp" 693
"../../../Engine/Content/EngineSky/M_SimpleSkyDome.uasset" 694
"../../../Engine/Content/EngineSky/M_SimpleSkyDome.uexp" 695
"D:/_Eko/_UnrealEngine/AfterLife_M2/Content/_Main/Maps/L_BaseMap.uexp" 696
"D:/_Eko/_UnrealEngine/AfterLife_M2/Content/_Main/Maps/L_BaseMap.umap" 697
